#
# There is insufficient memory for the Java Runtime Environment to continue.
# Native memory allocation (malloc) failed to allocate 32744 bytes for ChunkPool::allocate
# Possible reasons:
#   The system is out of physical RAM or swap space
#   In 32 bit mode, the process size limit was hit
# Possible solutions:
#   Reduce memory load on the system
#   Increase physical memory or swap space
#   Check if swap backing store is full
#   Use 64 bit Java on a 64 bit OS
#   Decrease Java heap size (-Xmx/-Xms)
#   Decrease number of Java threads
#   Decrease Java thread stack sizes (-Xss)
#   Set larger code cache with -XX:ReservedCodeCacheSize=
# This output file may be truncated or incomplete.
#
#  Out of Memory Error (allocation.cpp:273), pid=2740, tid=3308
#
# JRE version: Java(TM) SE Runtime Environment (8.0_60-b27) (build 1.8.0_60-b27)
# Java VM: Java HotSpot(TM) 64-Bit Server VM (25.60-b23 mixed mode windows-amd64 compressed oops)
# Failed to write core dump. Minidumps are not enabled by default on client versions of Windows
#

---------------  T H R E A D  ---------------

Current thread (0x00000000152b1000):  JavaThread "C1 CompilerThread1" daemon [_thread_in_native, id=3308, stack(0x00000000163d0000,0x00000000164d0000)]

Stack: [0x00000000163d0000,0x00000000164d0000]
[error occurred during error reporting (printing stack bounds), id 0xc0000005]

Native frames: (J=compiled Java code, j=interpreted, Vv=VM code, C=native code)


Current CompileTask:
C1:  19239  163       3       jdk.internal.org.objectweb.asm.Frame::execute (2252 bytes)


---------------  P R O C E S S  ---------------

Java Threads: ( => current thread )
  0x0000000016a01800 JavaThread "Java2D Disposer" daemon [_thread_blocked, id=2168, stack(0x0000000016db0000,0x0000000016eb0000)]
  0x000000001531c800 JavaThread "Service Thread" daemon [_thread_blocked, id=2464, stack(0x00000000164d0000,0x00000000165d0000)]
=>0x00000000152b1000 JavaThread "C1 CompilerThread1" daemon [_thread_in_native, id=3308, stack(0x00000000163d0000,0x00000000164d0000)]
  0x00000000152a7000 JavaThread "C2 CompilerThread0" daemon [_thread_blocked, id=1428, stack(0x00000000162d0000,0x00000000163d0000)]
  0x00000000152a5800 JavaThread "Attach Listener" daemon [_thread_blocked, id=3392, stack(0x00000000161d0000,0x00000000162d0000)]
  0x0000000002f63800 JavaThread "Finalizer" daemon [_thread_blocked, id=4976, stack(0x0000000015ee0000,0x0000000015fe0000)]
  0x0000000002f59800 JavaThread "Reference Handler" daemon [_thread_blocked, id=6432, stack(0x0000000015de0000,0x0000000015ee0000)]

Other Threads:
  0x0000000015276000 VMThread [stack: 0x0000000015ce0000,0x0000000015de0000] [id=3036]

VM state:at safepoint (normal execution)

VM Mutex/Monitor currently owned by a thread:  ([mutex/lock_event])
[0x0000000002c5c350] Threads_lock - owner thread: 0x0000000015276000
[0x0000000002c5c4d0] Heap_lock - owner thread: 0x0000000002e70800

Heap:
 PSYoungGen      total 18432K, used 3176K [0x00000000eb780000, 0x00000000ecc00000, 0x0000000100000000)
  eden space 15872K, 20% used [0x00000000eb780000,0x00000000eba9a270,0x00000000ec700000)
  from space 2560K, 0% used [0x00000000ec980000,0x00000000ec980000,0x00000000ecc00000)
  to   space 2560K, 0% used [0x00000000ec700000,0x00000000ec700000,0x00000000ec980000)
 ParOldGen       total 42496K, used 0K [0x00000000c2600000, 0x00000000c4f80000, 0x00000000eb780000)
  object space 42496K, 0% used [0x00000000c2600000,0x00000000c2600000,0x00000000c4f80000)
 Metaspace       used 5274K, capacity 5468K, committed 5632K, reserved 1058816K
  class space    used 613K, capacity 691K, committed 768K, reserved 1048576K

Card table byte_map: [0x0000000012330000,0x0000000012520000] byte_map_base: 0x0000000011d1d000

Marking Bits: (ParMarkBitMap*) 0x0000000077f7a5b0
 Begin Bits: [0x0000000012870000, 0x00000000137d8000)
 End Bits:   [0x00000000137d8000, 0x0000000014740000)

Polling page: 0x0000000002c30000

CodeCache: size=245760Kb used=1363Kb max_used=1363Kb free=244396Kb
 bounds [0x0000000002f70000, 0x00000000031e0000, 0x0000000011f70000]
 total_blobs=496 nmethods=176 adapters=234
 compilation: enabled

Compilation events (10 events):
Event: 13.445 Thread 0x00000000152b1000 nmethod 156 0x00000000030b6e90 code [0x00000000030b6fe0, 0x00000000030b70f0]
Event: 13.445 Thread 0x00000000152b1000  158       3       java.lang.invoke.InvokerBytecodeGenerator::isStaticallyNameable (116 bytes)
Event: 13.447 Thread 0x00000000152b1000 nmethod 158 0x00000000030b78d0 code [0x00000000030b7c40, 0x00000000030b9d18]
Event: 13.447 Thread 0x00000000152b1000  163       3       jdk.internal.org.objectweb.asm.Frame::execute (2252 bytes)
Event: 13.454 Thread 0x00000000152a7000  176       4       jdk.internal.org.objectweb.asm.ByteVector::putUTF8 (142 bytes)
Event: 13.463 Thread 0x00000000152a7000 nmethod 176 0x00000000030bf0d0 code [0x00000000030bf220, 0x00000000030bf6c8]
Event: 13.466 Thread 0x00000000152a7000  185       4       java.lang.AbstractStringBuilder::ensureCapacityInternal (16 bytes)
Event: 13.470 Thread 0x00000000152a7000 nmethod 185 0x00000000030bf9d0 code [0x00000000030bfb20, 0x00000000030bfd98]
Event: 13.472 Thread 0x00000000152a7000  187       4       java.lang.String::equals (81 bytes)
Event: 13.476 Thread 0x00000000152a7000 nmethod 187 0x00000000030bd290 code [0x00000000030bd3e0, 0x00000000030bd618]

GC Heap History (0 events):
No events

Deoptimization events (0 events):
No events

Internal exceptions (10 events):
Event: 6.959 Thread 0x0000000002e70800 Exception <a 'java/security/PrivilegedActionException'> (0x00000000eb86ba08) thrown at [C:\re\workspace\8-2-build-windows-amd64-cygwin\jdk8u60\4407\hotspot\src\share\vm\prims\jvm.cpp, line 1386]
Event: 6.959 Thread 0x0000000002e70800 Exception <a 'java/security/PrivilegedActionException'> (0x00000000eb86bc18) thrown at [C:\re\workspace\8-2-build-windows-amd64-cygwin\jdk8u60\4407\hotspot\src\share\vm\prims\jvm.cpp, line 1386]
Event: 13.371 Thread 0x0000000002e70800 Exception <a 'java/io/FileNotFoundException'> (0x00000000eb86de40) thrown at [C:\re\workspace\8-2-build-windows-amd64-cygwin\jdk8u60\4407\hotspot\src\share\vm\prims\jni.cpp, line 709]
Event: 13.452 Thread 0x0000000002e70800 Exception <a 'java/lang/NoSuchFieldError': method resolution failed> (0x00000000eb98bb60) thrown at [C:\re\workspace\8-2-build-windows-amd64-cygwin\jdk8u60\4407\hotspot\src\share\vm\prims\methodHandles.cpp, line 1146]
Event: 13.456 Thread 0x0000000002e70800 Exception <a 'java/lang/NoSuchFieldError': method resolution failed> (0x00000000eb998eb0) thrown at [C:\re\workspace\8-2-build-windows-amd64-cygwin\jdk8u60\4407\hotspot\src\share\vm\prims\methodHandles.cpp, line 1146]
Event: 13.507 Thread 0x0000000002e70800 Exception <a 'java/lang/OutOfMemoryError': unable to create new native thread> (0x00000000eba290c8) thrown at [C:\re\workspace\8-2-build-windows-amd64-cygwin\jdk8u60\4407\hotspot\src\share\vm\prims\jvm.cpp, line 3020]
Event: 13.507 Thread 0x0000000002e70800 Exception <a 'java/lang/reflect/InvocationTargetException'> (0x00000000eba29350) thrown at [C:\re\workspace\8-2-build-windows-amd64-cygwin\jdk8u60\4407\hotspot\src\share\vm\runtime\reflection.cpp, line 1092]
Event: 13.507 Thread 0x0000000002e70800 Exception <a 'java/lang/OutOfMemoryError'> (0x00000000eba290c8) thrown at [C:\re\workspace\8-2-build-windows-amd64-cygwin\jdk8u60\4407\hotspot\src\share\vm\prims\jni.cpp, line 709]
Event: 13.507 Thread 0x0000000002e70800 Exception <a 'java/lang/OutOfMemoryError'> (0x00000000eba290c8) thrown at [C:\re\workspace\8-2-build-windows-amd64-cygwin\jdk8u60\4407\hotspot\src\share\vm\prims\jvm.cpp, line 1390]
Event: 13.507 Thread 0x0000000002e70800 Exception <a 'java/lang/OutOfMemoryError'> (0x00000000eba290c8) thrown at [C:\re\workspace\8-2-build-windows-amd64-cygwin\jdk8u60\4407\hotspot\src\share\vm\oops\instanceKlass.cpp, line 945]

Events (10 events):
Event: 13.508 loading class java/util/IdentityHashMap$KeySet
Event: 13.508 loading class java/util/IdentityHashMap$KeySet done
Event: 13.509 Thread 0x0000000002e70800 Thread exited: 0x0000000002e70800
Event: 13.509 Thread 0x0000000002e70800 Thread added: 0x0000000002e70800
Event: 13.510 loading class java/lang/Shutdown
Event: 13.510 loading class java/lang/Shutdown done
Event: 13.510 loading class java/lang/Shutdown$Lock
Event: 13.510 loading class java/lang/Shutdown$Lock done
Event: 13.510 Thread 0x00000000152a2000 Thread exited: 0x00000000152a2000
Event: 13.510 Thread 0x0000000002e70800 Thread exited: 0x0000000002e70800


Dynamic libraries:
0x00007ff77c010000 - 0x00007ff77c047000 	C:\Program Files\Java\jdk1.8.0_60\bin\java.exe
0x00007ff8b7d90000 - 0x00007ff8b7f52000 	C:\Windows\SYSTEM32\ntdll.dll
0x00007ff8b71e0000 - 0x00007ff8b728d000 	C:\Windows\system32\KERNEL32.DLL
0x00007ff8b4910000 - 0x00007ff8b4aed000 	C:\Windows\system32\KERNELBASE.dll
0x00007ff8b5aa0000 - 0x00007ff8b5b46000 	C:\Windows\system32\ADVAPI32.dll
0x00007ff8b55f0000 - 0x00007ff8b568d000 	C:\Windows\system32\msvcrt.dll
0x00007ff8b78c0000 - 0x00007ff8b791b000 	C:\Windows\system32\sechost.dll
0x00007ff8b7640000 - 0x00007ff8b7766000 	C:\Windows\system32\RPCRT4.dll
0x00007ff8b7af0000 - 0x00007ff8b7c3e000 	C:\Windows\system32\USER32.dll
0x00007ff8b56a0000 - 0x00007ff8b5826000 	C:\Windows\system32\GDI32.dll
0x00007ff8a24c0000 - 0x00007ff8a2734000 	C:\Windows\WinSxS\amd64_microsoft.windows.common-controls_6595b64144ccf1df_6.0.10240.16384_none_f41f7b285750ef43\COMCTL32.dll
0x00007ff8b5530000 - 0x00007ff8b5566000 	C:\Windows\system32\IMM32.DLL
0x00007ff8b5b50000 - 0x00007ff8b5cac000 	C:\Windows\system32\MSCTF.dll
0x0000000050110000 - 0x00000000501e2000 	C:\Program Files\Java\jdk1.8.0_60\jre\bin\msvcr100.dll
0x0000000077770000 - 0x0000000077ff9000 	C:\Program Files\Java\jdk1.8.0_60\jre\bin\server\jvm.dll
0x00007ff8b5690000 - 0x00007ff8b5698000 	C:\Windows\system32\PSAPI.DLL
0x00007ff8b0990000 - 0x00007ff8b0999000 	C:\Windows\SYSTEM32\WSOCK32.dll
0x00007ff8b29f0000 - 0x00007ff8b2a13000 	C:\Windows\SYSTEM32\WINMM.dll
0x00007ff8b7c40000 - 0x00007ff8b7ca9000 	C:\Windows\system32\WS2_32.dll
0x00007ff8b7290000 - 0x00007ff8b7298000 	C:\Windows\system32\NSI.dll
0x0000000002c00000 - 0x0000000002c2c000 	C:\Windows\SYSTEM32\WINMMBASE.dll
0x00007ff8b4bb0000 - 0x00007ff8b4bf4000 	C:\Windows\system32\cfgmgr32.dll
0x00007ff8b2ee0000 - 0x00007ff8b2f07000 	C:\Windows\SYSTEM32\DEVOBJ.dll
0x00007ff8a9a90000 - 0x00007ff8a9a9a000 	C:\Windows\SYSTEM32\VERSION.dll
0x00000000500c0000 - 0x00000000500cf000 	C:\Program Files\Java\jdk1.8.0_60\jre\bin\verify.dll
0x0000000050090000 - 0x00000000500b9000 	C:\Program Files\Java\jdk1.8.0_60\jre\bin\java.dll
0x0000000050070000 - 0x0000000050086000 	C:\Program Files\Java\jdk1.8.0_60\jre\bin\zip.dll
0x00007ff8b5cb0000 - 0x00007ff8b71d2000 	C:\Windows\system32\SHELL32.dll
0x00007ff8b4c00000 - 0x00007ff8b5228000 	C:\Windows\system32\windows.storage.dll
0x00007ff8b7350000 - 0x00007ff8b75cc000 	C:\Windows\system32\combase.dll
0x00007ff8b5590000 - 0x00007ff8b55e1000 	C:\Windows\system32\shlwapi.dll
0x00007ff8b47c0000 - 0x00007ff8b47cf000 	C:\Windows\system32\kernel.appcore.dll
0x00007ff8b4af0000 - 0x00007ff8b4ba3000 	C:\Windows\system32\shcore.dll
0x00007ff8b47f0000 - 0x00007ff8b483a000 	C:\Windows\system32\powrprof.dll
0x00007ff8b4840000 - 0x00007ff8b4853000 	C:\Windows\system32\profapi.dll
0x00000000775d0000 - 0x0000000077768000 	C:\Program Files\Java\jdk1.8.0_60\jre\bin\awt.dll
0x00007ff8b59e0000 - 0x00007ff8b5a9e000 	C:\Windows\system32\OLEAUT32.dll
0x00007ff8b3020000 - 0x00007ff8b3098000 	C:\Windows\system32\apphelp.dll

VM Arguments:
jvm_args: -Dfile.encoding=UTF-8 
java_command: view1.FrMain
java_class_path (initial): F:\netbean\mysql-connector-java-5.1.6\mysql-connector-java-5.1.6-bin.jar;F:\netbean\coffee\build\classes
Launcher Type: SUN_STANDARD

Environment Variables:
PATH=C:\ProgramData\Oracle\Java\javapath;C:\Windows\system32;C:\Windows;C:\Windows\System32\Wbem;C:\Windows\System32\WindowsPowerShell\v1.0\;C:\Program Files (x86)\Microsoft SQL Server\110\Tools\Binn\ManagementStudio\;C:\Program Files (x86)\Microsoft SQL Server\110\Tools\Binn\;C:\Program Files\Microsoft SQL Server\110\Tools\Binn\;C:\Program Files (x86)\Microsoft Visual Studio 10.0\Common7\IDE\PrivateAssemblies\;C:\Program Files (x86)\Microsoft SQL Server\110\DTS\Binn\;C:\Program Files\Microsoft SQL Server\110\DTS\Binn\
USERNAME=homin
OS=Windows_NT
PROCESSOR_IDENTIFIER=Intel64 Family 6 Model 42 Stepping 7, GenuineIntel



---------------  S Y S T E M  ---------------

OS: Windows 10.0 , 64 bit Build 10240 (10.0.10240.16384)

CPU:total 2 (2 cores per cpu, 1 threads per core) family 6 model 42 stepping 7, cmov, cx8, fxsr, mmx, sse, sse2, sse3, ssse3, sse4.1, sse4.2, popcnt, clmul, tsc, tscinvbit

Memory: 4k page, physical 4030764k(847604k free), swap 16613676k(548k free)

vm_info: Java HotSpot(TM) 64-Bit Server VM (25.60-b23) for windows-amd64 JRE (1.8.0_60-b27), built on Aug  4 2015 11:06:27 by "java_re" with MS VC++ 10.0 (VS2010)

time: Sun Feb 21 18:04:00 2016
elapsed time: 19 seconds (0d 0h 0m 19s)

